<?xml version="1.0" encoding="UTF-8"?>
<testsuite xmlns:xsi="http://www.w3.org/2001/XMLSchema-instance" xsi:noNamespaceSchemaLocation="https://maven.apache.org/surefire/maven-surefire-plugin/xsd/surefire-test-report-3.0.xsd" version="3.0" name="booking.BookingManagerTest" time="1.046" tests="5" errors="0" skipped="0" failures="0">
  <properties>
[...]
</properties>
  <testcase name="book_nullEventId_doesNotCallAnyDependency" classname="booking.BookingManagerTest" time="0.967"/>
  <testcase name="book_validInputAndAvailableEvent_processesBookingSuccessfully" classname="booking.BookingManagerTest" time="0.036"/>
  <testcase name="book_nonPositiveAmount_doesNotCallAnyDependency" classname="booking.BookingManagerTest" time="0.002"/>
  <testcase name="book_emptyEventId_doesNotCallAnyDependency" classname="booking.BookingManagerTest" time="0.002"/>
  <testcase name="book_soldOutEvent_stopsAfterAvailabilityCheck" classname="booking.BookingManagerTest" time="0.004"/>
</testsuite>